2026-02-27T23:03:27.068Z | INFO     | [-]uvicorn.error:62 - Application startup complete.
2026-02-27T23:03:54.282Z | INFO     | [f4cbbeee]socialapi.routers.post:45 - Getting all posts
2026-02-27T23:03:54.285Z | DEBUG    | [f4cbbeee]socialapi.routers.post:50 - SELECT posts.id, posts.body 
FROM posts
2026-02-27T23:03:54.292Z | INFO     | [f4cbbeee]uvicorn.access:483 - 127.0.0.1:53640 - "GET /post HTTP/1.1" 200
2026-02-27T23:06:38.066Z | INFO     | [-]uvicorn.error:272 - Shutting down
2026-02-27T23:06:38.175Z | INFO     | [-]uvicorn.error:67 - Waiting for application shutdown.
2026-02-27T23:06:38.180Z | INFO     | [-]uvicorn.error:76 - Application shutdown complete.
2026-02-27T23:06:38.181Z | INFO     | [-]uvicorn.error:102 - Finished server process [86215]
{"asctime": "2026-02-27T23:09:02", "msecs": 366.0, "levelname": "INFO", "correlation_id": "-", "name": "uvicorn.error", "lineno": 62, "message": "Application startup complete."}
{"asctime": "2026-02-27T23:13:33", "msecs": 438.0, "levelname": "INFO", "correlation_id": "-", "name": "uvicorn.error", "lineno": 272, "message": "Shutting down"}
{"asctime": "2026-02-27T23:13:33", "msecs": 543.0, "levelname": "INFO", "correlation_id": "-", "name": "uvicorn.error", "lineno": 67, "message": "Waiting for application shutdown."}
{"asctime": "2026-02-27T23:13:33", "msecs": 544.0, "levelname": "INFO", "correlation_id": "-", "name": "uvicorn.error", "lineno": 76, "message": "Application shutdown complete."}
{"asctime": "2026-02-27T23:13:33", "msecs": 545.0, "levelname": "INFO", "correlation_id": "-", "name": "uvicorn.error", "lineno": 102, "message": "Finished server process [86825]", "color_message": "Finished server process [\u001b[36m%d\u001b[0m]"}
{"asctime": "2026-02-27T23:13:33", "msecs": 916.0, "levelname": "INFO", "correlation_id": "-", "name": "uvicorn.error", "lineno": 62, "message": "Application startup complete."}
{"asctime": "2026-02-27T23:13:38", "msecs": 61.0, "levelname": "INFO", "correlation_id": "-", "name": "uvicorn.error", "lineno": 272, "message": "Shutting down"}
{"asctime": "2026-02-27T23:13:38", "msecs": 165.0, "levelname": "INFO", "correlation_id": "-", "name": "uvicorn.error", "lineno": 67, "message": "Waiting for application shutdown."}
{"asctime": "2026-02-27T23:13:38", "msecs": 172.0, "levelname": "INFO", "correlation_id": "-", "name": "uvicorn.error", "lineno": 76, "message": "Application shutdown complete."}
{"asctime": "2026-02-27T23:13:38", "msecs": 174.0, "levelname": "INFO", "correlation_id": "-", "name": "uvicorn.error", "lineno": 102, "message": "Finished server process [87093]", "color_message": "Finished server process [\u001b[36m%d\u001b[0m]"}
{"asctime": "2026-02-27T23:13:38", "msecs": 508.0, "levelname": "INFO", "correlation_id": "-", "name": "uvicorn.error", "lineno": 62, "message": "Application startup complete."}
{"asctime": "2026-02-28T09:40:10", "msecs": 220.0, "levelname": "INFO", "correlation_id": "-", "name": "uvicorn.error", "lineno": 272, "message": "Shutting down"}
{"asctime": "2026-02-28T09:40:10", "msecs": 325.0, "levelname": "INFO", "correlation_id": "-", "name": "uvicorn.error", "lineno": 67, "message": "Waiting for application shutdown."}
{"asctime": "2026-02-28T09:40:10", "msecs": 327.0, "levelname": "INFO", "correlation_id": "-", "name": "uvicorn.error", "lineno": 76, "message": "Application shutdown complete."}
{"asctime": "2026-02-28T09:40:10", "msecs": 328.0, "levelname": "INFO", "correlation_id": "-", "name": "uvicorn.error", "lineno": 102, "message": "Finished server process [87109]", "color_message": "Finished server process [\u001b[36m%d\u001b[0m]"}
{"asctime": "2026-02-28T09:40:10", "msecs": 906.0, "levelname": "INFO", "correlation_id": "-", "name": "uvicorn.error", "lineno": 62, "message": "Application startup complete."}
{"asctime": "2026-02-28T09:40:15", "msecs": 252.0, "levelname": "INFO", "correlation_id": "-", "name": "uvicorn.error", "lineno": 272, "message": "Shutting down"}
{"asctime": "2026-02-28T09:40:15", "msecs": 355.0, "levelname": "INFO", "correlation_id": "-", "name": "uvicorn.error", "lineno": 67, "message": "Waiting for application shutdown."}
{"asctime": "2026-02-28T09:40:15", "msecs": 359.0, "levelname": "INFO", "correlation_id": "-", "name": "uvicorn.error", "lineno": 76, "message": "Application shutdown complete."}
{"asctime": "2026-02-28T09:40:15", "msecs": 360.0, "levelname": "INFO", "correlation_id": "-", "name": "uvicorn.error", "lineno": 102, "message": "Finished server process [92750]", "color_message": "Finished server process [\u001b[36m%d\u001b[0m]"}
{"asctime": "2026-02-28T09:40:15", "msecs": 695.0, "levelname": "INFO", "correlation_id": "-", "name": "uvicorn.error", "lineno": 62, "message": "Application startup complete."}
{"asctime": "2026-02-28T09:50:04", "msecs": 725.0, "levelname": "INFO", "correlation_id": "-", "name": "uvicorn.error", "lineno": 272, "message": "Shutting down"}
{"asctime": "2026-02-28T09:50:04", "msecs": 829.0, "levelname": "INFO", "correlation_id": "-", "name": "uvicorn.error", "lineno": 67, "message": "Waiting for application shutdown."}
{"asctime": "2026-02-28T09:50:04", "msecs": 831.0, "levelname": "INFO", "correlation_id": "-", "name": "uvicorn.error", "lineno": 76, "message": "Application shutdown complete."}
{"asctime": "2026-02-28T09:50:04", "msecs": 831.0, "levelname": "INFO", "correlation_id": "-", "name": "uvicorn.error", "lineno": 102, "message": "Finished server process [92767]", "color_message": "Finished server process [\u001b[36m%d\u001b[0m]"}
{"asctime": "2026-02-28T09:50:05", "msecs": 194.0, "levelname": "INFO", "correlation_id": "-", "name": "uvicorn.error", "lineno": 62, "message": "Application startup complete."}
{"asctime": "2026-02-28T09:50:08", "msecs": 633.0, "levelname": "INFO", "correlation_id": "-", "name": "uvicorn.error", "lineno": 272, "message": "Shutting down"}
{"asctime": "2026-02-28T09:50:08", "msecs": 739.0, "levelname": "INFO", "correlation_id": "-", "name": "uvicorn.error", "lineno": 67, "message": "Waiting for application shutdown."}
{"asctime": "2026-02-28T09:50:08", "msecs": 742.0, "levelname": "INFO", "correlation_id": "-", "name": "uvicorn.error", "lineno": 76, "message": "Application shutdown complete."}
{"asctime": "2026-02-28T09:50:08", "msecs": 744.0, "levelname": "INFO", "correlation_id": "-", "name": "uvicorn.error", "lineno": 102, "message": "Finished server process [93212]", "color_message": "Finished server process [\u001b[36m%d\u001b[0m]"}
{"asctime": "2026-02-28T09:50:09", "msecs": 52.0, "levelname": "INFO", "correlation_id": "-", "name": "uvicorn.error", "lineno": 62, "message": "Application startup complete."}
{"asctime": "2026-02-28T10:05:16", "msecs": 568.0, "levelname": "INFO", "correlation_id": "-", "name": "uvicorn.error", "lineno": 272, "message": "Shutting down"}
{"asctime": "2026-02-28T10:05:16", "msecs": 677.0, "levelname": "INFO", "correlation_id": "-", "name": "uvicorn.error", "lineno": 67, "message": "Waiting for application shutdown."}
{"asctime": "2026-02-28T10:05:16", "msecs": 681.0, "levelname": "INFO", "correlation_id": "-", "name": "uvicorn.error", "lineno": 76, "message": "Application shutdown complete."}
{"asctime": "2026-02-28T10:05:16", "msecs": 683.0, "levelname": "INFO", "correlation_id": "-", "name": "uvicorn.error", "lineno": 102, "message": "Finished server process [93223]", "color_message": "Finished server process [\u001b[36m%d\u001b[0m]"}
{"asctime": "2026-02-28T10:13:46", "msecs": 686.0, "levelname": "INFO", "correlation_id": "-", "name": "uvicorn.error", "lineno": 62, "message": "Application startup complete."}
{"asctime": "2026-02-28T10:13:50", "msecs": 629.0, "levelname": "INFO", "correlation_id": "-", "name": "uvicorn.error", "lineno": 272, "message": "Shutting down"}
{"asctime": "2026-02-28T10:13:50", "msecs": 734.0, "levelname": "INFO", "correlation_id": "-", "name": "uvicorn.error", "lineno": 67, "message": "Waiting for application shutdown."}
{"asctime": "2026-02-28T10:13:50", "msecs": 737.0, "levelname": "INFO", "correlation_id": "-", "name": "uvicorn.error", "lineno": 76, "message": "Application shutdown complete."}
{"asctime": "2026-02-28T10:13:50", "msecs": 739.0, "levelname": "INFO", "correlation_id": "-", "name": "uvicorn.error", "lineno": 102, "message": "Finished server process [94954]", "color_message": "Finished server process [\u001b[36m%d\u001b[0m]"}
{"asctime": "2026-02-28T10:13:51", "msecs": 57.0, "levelname": "INFO", "correlation_id": "-", "name": "uvicorn.error", "lineno": 62, "message": "Application startup complete."}
{"asctime": "2026-02-28T10:14:20", "msecs": 718.0, "levelname": "INFO", "correlation_id": "191c2828", "name": "socialapi.routers.post", "lineno": 32, "message": "Create post"}
{"asctime": "2026-02-28T10:14:20", "msecs": 727.0, "levelname": "DEBUG", "correlation_id": "191c2828", "name": "socialapi.routers.post", "lineno": 36, "message": "INSERT INTO posts (body) VALUES (:body)"}
{"asctime": "2026-02-28T10:14:20", "msecs": 730.0, "levelname": "INFO", "correlation_id": "191c2828", "name": "uvicorn.access", "lineno": 483, "message": "127.0.0.1:58005 - \"POST /post HTTP/1.1\" 201"}
{"asctime": "2026-02-28T10:18:55", "msecs": 517.0, "levelname": "INFO", "correlation_id": "cb19bccf", "name": "socialapi.routers.post", "lineno": 45, "message": "Getting all posts"}
{"asctime": "2026-02-28T10:18:55", "msecs": 523.0, "levelname": "DEBUG", "correlation_id": "cb19bccf", "name": "socialapi.routers.post", "lineno": 50, "message": "SELECT posts.id, posts.body \nFROM posts"}
{"asctime": "2026-02-28T10:18:55", "msecs": 535.0, "levelname": "INFO", "correlation_id": "cb19bccf", "name": "uvicorn.access", "lineno": 483, "message": "127.0.0.1:58092 - \"GET /post HTTP/1.1\" 200"}
{"asctime": "2026-02-28T10:19:07", "msecs": 903.0, "levelname": "INFO", "correlation_id": "-", "name": "uvicorn.error", "lineno": 272, "message": "Shutting down"}
{"asctime": "2026-02-28T10:19:08", "msecs": 5.0, "levelname": "INFO", "correlation_id": "-", "name": "uvicorn.error", "lineno": 67, "message": "Waiting for application shutdown."}
{"asctime": "2026-02-28T10:19:08", "msecs": 5.0, "levelname": "INFO", "correlation_id": "-", "name": "uvicorn.error", "lineno": 76, "message": "Application shutdown complete."}
{"asctime": "2026-02-28T10:19:08", "msecs": 6.0, "levelname": "INFO", "correlation_id": "-", "name": "uvicorn.error", "lineno": 102, "message": "Finished server process [94963]", "color_message": "Finished server process [\u001b[36m%d\u001b[0m]"}
{"asctime": "2026-02-28T10:19:08", "msecs": 433.0, "levelname": "INFO", "correlation_id": "-", "name": "uvicorn.error", "lineno": 62, "message": "Application startup complete."}
{"asctime": "2026-02-28T10:19:10", "msecs": 759.0, "levelname": "INFO", "correlation_id": "-", "name": "uvicorn.error", "lineno": 272, "message": "Shutting down"}
{"asctime": "2026-02-28T10:19:10", "msecs": 864.0, "levelname": "INFO", "correlation_id": "-", "name": "uvicorn.error", "lineno": 102, "message": "Finished server process [95163]", "color_message": "Finished server process [\u001b[36m%d\u001b[0m]"}
{"asctime": "2026-02-28T11:28:30", "msecs": 210.0, "levelname": "INFO", "correlation_id": "-", "name": "uvicorn.error", "lineno": 62, "message": "Application startup complete."}
{"asctime": "2026-02-28T11:28:34", "msecs": 253.0, "levelname": "INFO", "correlation_id": "-", "name": "uvicorn.error", "lineno": 272, "message": "Shutting down"}
{"asctime": "2026-02-28T11:28:34", "msecs": 357.0, "levelname": "INFO", "correlation_id": "-", "name": "uvicorn.error", "lineno": 67, "message": "Waiting for application shutdown."}
{"asctime": "2026-02-28T11:28:34", "msecs": 358.0, "levelname": "INFO", "correlation_id": "-", "name": "uvicorn.error", "lineno": 76, "message": "Application shutdown complete."}
{"asctime": "2026-02-28T11:28:34", "msecs": 358.0, "levelname": "INFO", "correlation_id": "-", "name": "uvicorn.error", "lineno": 102, "message": "Finished server process [97739]", "color_message": "Finished server process [\u001b[36m%d\u001b[0m]"}
{"asctime": "2026-02-28T20:04:05", "msecs": 404.0, "levelname": "INFO", "correlation_id": "-", "name": "uvicorn.error", "lineno": 62, "message": "Application startup complete."}
{"asctime": "2026-02-28T20:04:05", "msecs": 408.0, "levelname": "INFO", "correlation_id": "-", "name": "uvicorn.error", "lineno": 224, "message": "Uvicorn running on http://127.0.0.1:8000 (Press CTRL+C to quit)", "color_message": "Uvicorn running on \u001b[1m%s://%s:%d\u001b[0m (Press CTRL+C to quit)"}
{"asctime": "2026-02-28T20:04:16", "msecs": 226.0, "levelname": "INFO", "correlation_id": "-", "name": "uvicorn.error", "lineno": 272, "message": "Shutting down"}
{"asctime": "2026-02-28T20:04:16", "msecs": 330.0, "levelname": "INFO", "correlation_id": "-", "name": "uvicorn.error", "lineno": 67, "message": "Waiting for application shutdown."}
{"asctime": "2026-02-28T20:04:16", "msecs": 332.0, "levelname": "INFO", "correlation_id": "-", "name": "uvicorn.error", "lineno": 76, "message": "Application shutdown complete."}
{"asctime": "2026-02-28T20:04:16", "msecs": 333.0, "levelname": "INFO", "correlation_id": "-", "name": "uvicorn.error", "lineno": 102, "message": "Finished server process [14544]", "color_message": "Finished server process [\u001b[36m%d\u001b[0m]"}
{"asctime": "2026-03-23T18:58:32", "msecs": 124.0, "levelname": "INFO", "correlation_id": "-", "name": "uvicorn.error", "lineno": 62, "message": "Application startup complete."}
{"asctime": "2026-03-23T18:58:34", "msecs": 752.0, "levelname": "INFO", "correlation_id": "-", "name": "uvicorn.error", "lineno": 272, "message": "Shutting down"}
{"asctime": "2026-03-23T18:58:34", "msecs": 857.0, "levelname": "INFO", "correlation_id": "-", "name": "uvicorn.error", "lineno": 67, "message": "Waiting for application shutdown."}
{"asctime": "2026-03-23T18:58:34", "msecs": 859.0, "levelname": "INFO", "correlation_id": "-", "name": "uvicorn.error", "lineno": 76, "message": "Application shutdown complete."}
{"asctime": "2026-03-23T18:58:34", "msecs": 860.0, "levelname": "INFO", "correlation_id": "-", "name": "uvicorn.error", "lineno": 102, "message": "Finished server process [26264]", "color_message": "Finished server process [\u001b[36m%d\u001b[0m]"}
{"asctime": "2026-03-23T21:42:20", "msecs": 900.0, "levelname": "INFO", "correlation_id": "-", "name": "uvicorn.error", "lineno": 62, "message": "Application startup complete."}
{"asctime": "2026-03-23T21:42:25", "msecs": 550.0, "levelname": "INFO", "correlation_id": "-", "name": "uvicorn.error", "lineno": 272, "message": "Shutting down"}
{"asctime": "2026-03-23T21:42:25", "msecs": 654.0, "levelname": "INFO", "correlation_id": "-", "name": "uvicorn.error", "lineno": 67, "message": "Waiting for application shutdown."}
{"asctime": "2026-03-23T21:42:25", "msecs": 657.0, "levelname": "INFO", "correlation_id": "-", "name": "uvicorn.error", "lineno": 76, "message": "Application shutdown complete."}
{"asctime": "2026-03-23T21:42:25", "msecs": 658.0, "levelname": "INFO", "correlation_id": "-", "name": "uvicorn.error", "lineno": 102, "message": "Finished server process [42370]", "color_message": "Finished server process [\u001b[36m%d\u001b[0m]"}
{"asctime": "2026-03-23T21:42:26", "msecs": 31.0, "levelname": "INFO", "correlation_id": "-", "name": "uvicorn.error", "lineno": 62, "message": "Application startup complete."}
{"asctime": "2026-03-23T21:42:56", "msecs": 443.0, "levelname": "INFO", "correlation_id": "-", "name": "uvicorn.error", "lineno": 272, "message": "Shutting down"}
{"asctime": "2026-03-23T21:42:56", "msecs": 549.0, "levelname": "INFO", "correlation_id": "-", "name": "uvicorn.error", "lineno": 67, "message": "Waiting for application shutdown."}
{"asctime": "2026-03-23T21:42:56", "msecs": 552.0, "levelname": "INFO", "correlation_id": "-", "name": "uvicorn.error", "lineno": 76, "message": "Application shutdown complete."}
{"asctime": "2026-03-23T21:42:56", "msecs": 554.0, "levelname": "INFO", "correlation_id": "-", "name": "uvicorn.error", "lineno": 102, "message": "Finished server process [42379]", "color_message": "Finished server process [\u001b[36m%d\u001b[0m]"}
{"asctime": "2026-03-23T21:42:56", "msecs": 917.0, "levelname": "INFO", "correlation_id": "-", "name": "uvicorn.error", "lineno": 62, "message": "Application startup complete."}
{"asctime": "2026-03-23T21:43:00", "msecs": 455.0, "levelname": "INFO", "correlation_id": "-", "name": "uvicorn.error", "lineno": 272, "message": "Shutting down"}
{"asctime": "2026-03-23T21:43:00", "msecs": 558.0, "levelname": "INFO", "correlation_id": "-", "name": "uvicorn.error", "lineno": 67, "message": "Waiting for application shutdown."}
{"asctime": "2026-03-23T21:43:00", "msecs": 561.0, "levelname": "INFO", "correlation_id": "-", "name": "uvicorn.error", "lineno": 76, "message": "Application shutdown complete."}
{"asctime": "2026-03-23T21:43:00", "msecs": 563.0, "levelname": "INFO", "correlation_id": "-", "name": "uvicorn.error", "lineno": 102, "message": "Finished server process [42416]", "color_message": "Finished server process [\u001b[36m%d\u001b[0m]"}
{"asctime": "2026-03-23T21:43:00", "msecs": 925.0, "levelname": "INFO", "correlation_id": "-", "name": "uvicorn.error", "lineno": 62, "message": "Application startup complete."}
{"asctime": "2026-03-23T21:45:10", "msecs": 240.0, "levelname": "INFO", "correlation_id": "-", "name": "uvicorn.error", "lineno": 272, "message": "Shutting down"}
{"asctime": "2026-03-23T21:45:10", "msecs": 342.0, "levelname": "INFO", "correlation_id": "-", "name": "uvicorn.error", "lineno": 67, "message": "Waiting for application shutdown."}
{"asctime": "2026-03-23T21:45:10", "msecs": 350.0, "levelname": "INFO", "correlation_id": "-", "name": "uvicorn.error", "lineno": 76, "message": "Application shutdown complete."}
{"asctime": "2026-03-23T21:45:10", "msecs": 352.0, "levelname": "INFO", "correlation_id": "-", "name": "uvicorn.error", "lineno": 102, "message": "Finished server process [42427]", "color_message": "Finished server process [\u001b[36m%d\u001b[0m]"}
{"asctime": "2026-03-23T21:45:10", "msecs": 762.0, "levelname": "INFO", "correlation_id": "-", "name": "uvicorn.error", "lineno": 62, "message": "Application startup complete."}
{"asctime": "2026-03-23T21:45:14", "msecs": 196.0, "levelname": "INFO", "correlation_id": "-", "name": "uvicorn.error", "lineno": 272, "message": "Shutting down"}
{"asctime": "2026-03-23T21:45:14", "msecs": 300.0, "levelname": "INFO", "correlation_id": "-", "name": "uvicorn.error", "lineno": 67, "message": "Waiting for application shutdown."}
{"asctime": "2026-03-23T21:45:14", "msecs": 303.0, "levelname": "INFO", "correlation_id": "-", "name": "uvicorn.error", "lineno": 76, "message": "Application shutdown complete."}
{"asctime": "2026-03-23T21:45:14", "msecs": 304.0, "levelname": "INFO", "correlation_id": "-", "name": "uvicorn.error", "lineno": 102, "message": "Finished server process [42509]", "color_message": "Finished server process [\u001b[36m%d\u001b[0m]"}
{"asctime": "2026-03-23T21:45:14", "msecs": 704.0, "levelname": "INFO", "correlation_id": "-", "name": "uvicorn.error", "lineno": 62, "message": "Application startup complete."}
{"asctime": "2026-03-23T21:45:55", "msecs": 906.0, "levelname": "INFO", "correlation_id": "af127f67", "name": "uvicorn.access", "lineno": 483, "message": "127.0.0.1:51172 - \"POST /token HTTP/1.1\" 500"}
{"asctime": "2026-03-23T21:45:55", "msecs": 908.0, "levelname": "ERROR", "correlation_id": "af127f67", "name": "uvicorn.error", "lineno": 421, "message": "Exception in ASGI application\n", "exc_info": "Traceback (most recent call last):\n  File \"/Users/jumafe/Desktop/personal_things/REST_API/.venv/lib/python3.11/site-packages/uvicorn/protocols/http/httptools_impl.py\", line 416, in run_asgi\n    result = await app(  # type: ignore[func-returns-value]\n             ^^^^^^^^^^^^^^^^^^^^^^^^^^^^^^^^^^^^^^^^^^^^^^\n  File \"/Users/jumafe/Desktop/personal_things/REST_API/.venv/lib/python3.11/site-packages/uvicorn/middleware/proxy_headers.py\", line 60, in __call__\n    return await self.app(scope, receive, send)\n           ^^^^^^^^^^^^^^^^^^^^^^^^^^^^^^^^^^^^\n  File \"/Users/jumafe/Desktop/personal_things/REST_API/.venv/lib/python3.11/site-packages/fastapi/applications.py\", line 1160, in __call__\n    await super().__call__(scope, receive, send)\n  File \"/Users/jumafe/Desktop/personal_things/REST_API/.venv/lib/python3.11/site-packages/starlette/applications.py\", line 107, in __call__\n    await self.middleware_stack(scope, receive, send)\n  File \"/Users/jumafe/Desktop/personal_things/REST_API/.venv/lib/python3.11/site-packages/starlette/middleware/errors.py\", line 186, in __call__\n    raise exc\n  File \"/Users/jumafe/Desktop/personal_things/REST_API/.venv/lib/python3.11/site-packages/starlette/middleware/errors.py\", line 164, in __call__\n    await self.app(scope, receive, _send)\n  File \"/Users/jumafe/Desktop/personal_things/REST_API/.venv/lib/python3.11/site-packages/asgi_correlation_id/middleware.py\", line 90, in __call__\n    await self.app(scope, receive, handle_outgoing_request)\n  File \"/Users/jumafe/Desktop/personal_things/REST_API/.venv/lib/python3.11/site-packages/starlette/middleware/exceptions.py\", line 63, in __call__\n    await wrap_app_handling_exceptions(self.app, conn)(scope, receive, send)\n  File \"/Users/jumafe/Desktop/personal_things/REST_API/.venv/lib/python3.11/site-packages/starlette/_exception_handler.py\", line 53, in wrapped_app\n    raise exc\n  File \"/Users/jumafe/Desktop/personal_things/REST_API/.venv/lib/python3.11/site-packages/starlette/_exception_handler.py\", line 42, in wrapped_app\n    await app(scope, receive, sender)\n  File \"/Users/jumafe/Desktop/personal_things/REST_API/.venv/lib/python3.11/site-packages/fastapi/middleware/asyncexitstack.py\", line 18, in __call__\n    await self.app(scope, receive, send)\n  File \"/Users/jumafe/Desktop/personal_things/REST_API/.venv/lib/python3.11/site-packages/starlette/routing.py\", line 716, in __call__\n    await self.middleware_stack(scope, receive, send)\n  File \"/Users/jumafe/Desktop/personal_things/REST_API/.venv/lib/python3.11/site-packages/starlette/routing.py\", line 736, in app\n    await route.handle(scope, receive, send)\n  File \"/Users/jumafe/Desktop/personal_things/REST_API/.venv/lib/python3.11/site-packages/starlette/routing.py\", line 290, in handle\n    await self.app(scope, receive, send)\n  File \"/Users/jumafe/Desktop/personal_things/REST_API/.venv/lib/python3.11/site-packages/fastapi/routing.py\", line 119, in app\n    await wrap_app_handling_exceptions(app, request)(scope, receive, send)\n  File \"/Users/jumafe/Desktop/personal_things/REST_API/.venv/lib/python3.11/site-packages/starlette/_exception_handler.py\", line 53, in wrapped_app\n    raise exc\n  File \"/Users/jumafe/Desktop/personal_things/REST_API/.venv/lib/python3.11/site-packages/starlette/_exception_handler.py\", line 42, in wrapped_app\n    await app(scope, receive, sender)\n  File \"/Users/jumafe/Desktop/personal_things/REST_API/.venv/lib/python3.11/site-packages/fastapi/routing.py\", line 105, in app\n    response = await f(request)\n               ^^^^^^^^^^^^^^^^\n  File \"/Users/jumafe/Desktop/personal_things/REST_API/.venv/lib/python3.11/site-packages/fastapi/routing.py\", line 431, in app\n    raw_response = await run_endpoint_function(\n                   ^^^^^^^^^^^^^^^^^^^^^^^^^^^^\n  File \"/Users/jumafe/Desktop/personal_things/REST_API/.venv/lib/python3.11/site-packages/fastapi/routing.py\", line 313, in run_endpoint_function\n    return await dependant.call(**values)\n           ^^^^^^^^^^^^^^^^^^^^^^^^^^^^^^\n  File \"/Users/jumafe/Desktop/personal_things/REST_API/socialapi/routers/user.py\", line 42, in login\n    form_data.username, form_data.password\n    ^^^^^^^^^^^^^^^^^^\n  File \"/Users/jumafe/.pyenv/versions/3.11.14/lib/python3.11/typing.py\", line 2182, in __getattr__\n    return super().__getattr__(attr)\n           ^^^^^^^^^^^^^^^^^^^^^^^^^\n  File \"/Users/jumafe/.pyenv/versions/3.11.14/lib/python3.11/typing.py\", line 1317, in __getattr__\n    return getattr(self.__origin__, attr)\n           ^^^^^^^^^^^^^^^^^^^^^^^^^^^^^^\nAttributeError: type object 'OAuth2PasswordRequestForm' has no attribute 'username'"}
{"asctime": "2026-03-23T21:47:08", "msecs": 749.0, "levelname": "INFO", "correlation_id": "926121d1", "name": "uvicorn.access", "lineno": 483, "message": "127.0.0.1:51179 - \"POST /token HTTP/1.1\" 500"}
{"asctime": "2026-03-23T21:47:08", "msecs": 752.0, "levelname": "ERROR", "correlation_id": "926121d1", "name": "uvicorn.error", "lineno": 421, "message": "Exception in ASGI application\n", "exc_info": "Traceback (most recent call last):\n  File \"/Users/jumafe/Desktop/personal_things/REST_API/.venv/lib/python3.11/site-packages/uvicorn/protocols/http/httptools_impl.py\", line 416, in run_asgi\n    result = await app(  # type: ignore[func-returns-value]\n             ^^^^^^^^^^^^^^^^^^^^^^^^^^^^^^^^^^^^^^^^^^^^^^\n  File \"/Users/jumafe/Desktop/personal_things/REST_API/.venv/lib/python3.11/site-packages/uvicorn/middleware/proxy_headers.py\", line 60, in __call__\n    return await self.app(scope, receive, send)\n           ^^^^^^^^^^^^^^^^^^^^^^^^^^^^^^^^^^^^\n  File \"/Users/jumafe/Desktop/personal_things/REST_API/.venv/lib/python3.11/site-packages/fastapi/applications.py\", line 1160, in __call__\n    await super().__call__(scope, receive, send)\n  File \"/Users/jumafe/Desktop/personal_things/REST_API/.venv/lib/python3.11/site-packages/starlette/applications.py\", line 107, in __call__\n    await self.middleware_stack(scope, receive, send)\n  File \"/Users/jumafe/Desktop/personal_things/REST_API/.venv/lib/python3.11/site-packages/starlette/middleware/errors.py\", line 186, in __call__\n    raise exc\n  File \"/Users/jumafe/Desktop/personal_things/REST_API/.venv/lib/python3.11/site-packages/starlette/middleware/errors.py\", line 164, in __call__\n    await self.app(scope, receive, _send)\n  File \"/Users/jumafe/Desktop/personal_things/REST_API/.venv/lib/python3.11/site-packages/asgi_correlation_id/middleware.py\", line 90, in __call__\n    await self.app(scope, receive, handle_outgoing_request)\n  File \"/Users/jumafe/Desktop/personal_things/REST_API/.venv/lib/python3.11/site-packages/starlette/middleware/exceptions.py\", line 63, in __call__\n    await wrap_app_handling_exceptions(self.app, conn)(scope, receive, send)\n  File \"/Users/jumafe/Desktop/personal_things/REST_API/.venv/lib/python3.11/site-packages/starlette/_exception_handler.py\", line 53, in wrapped_app\n    raise exc\n  File \"/Users/jumafe/Desktop/personal_things/REST_API/.venv/lib/python3.11/site-packages/starlette/_exception_handler.py\", line 42, in wrapped_app\n    await app(scope, receive, sender)\n  File \"/Users/jumafe/Desktop/personal_things/REST_API/.venv/lib/python3.11/site-packages/fastapi/middleware/asyncexitstack.py\", line 18, in __call__\n    await self.app(scope, receive, send)\n  File \"/Users/jumafe/Desktop/personal_things/REST_API/.venv/lib/python3.11/site-packages/starlette/routing.py\", line 716, in __call__\n    await self.middleware_stack(scope, receive, send)\n  File \"/Users/jumafe/Desktop/personal_things/REST_API/.venv/lib/python3.11/site-packages/starlette/routing.py\", line 736, in app\n    await route.handle(scope, receive, send)\n  File \"/Users/jumafe/Desktop/personal_things/REST_API/.venv/lib/python3.11/site-packages/starlette/routing.py\", line 290, in handle\n    await self.app(scope, receive, send)\n  File \"/Users/jumafe/Desktop/personal_things/REST_API/.venv/lib/python3.11/site-packages/fastapi/routing.py\", line 119, in app\n    await wrap_app_handling_exceptions(app, request)(scope, receive, send)\n  File \"/Users/jumafe/Desktop/personal_things/REST_API/.venv/lib/python3.11/site-packages/starlette/_exception_handler.py\", line 53, in wrapped_app\n    raise exc\n  File \"/Users/jumafe/Desktop/personal_things/REST_API/.venv/lib/python3.11/site-packages/starlette/_exception_handler.py\", line 42, in wrapped_app\n    await app(scope, receive, sender)\n  File \"/Users/jumafe/Desktop/personal_things/REST_API/.venv/lib/python3.11/site-packages/fastapi/routing.py\", line 105, in app\n    response = await f(request)\n               ^^^^^^^^^^^^^^^^\n  File \"/Users/jumafe/Desktop/personal_things/REST_API/.venv/lib/python3.11/site-packages/fastapi/routing.py\", line 431, in app\n    raw_response = await run_endpoint_function(\n                   ^^^^^^^^^^^^^^^^^^^^^^^^^^^^\n  File \"/Users/jumafe/Desktop/personal_things/REST_API/.venv/lib/python3.11/site-packages/fastapi/routing.py\", line 313, in run_endpoint_function\n    return await dependant.call(**values)\n           ^^^^^^^^^^^^^^^^^^^^^^^^^^^^^^\n  File \"/Users/jumafe/Desktop/personal_things/REST_API/socialapi/routers/user.py\", line 42, in login\n    form_data.username, form_data.password\n    ^^^^^^^^^^^^^^^^^^\n  File \"/Users/jumafe/.pyenv/versions/3.11.14/lib/python3.11/typing.py\", line 2182, in __getattr__\n    return super().__getattr__(attr)\n           ^^^^^^^^^^^^^^^^^^^^^^^^^\n  File \"/Users/jumafe/.pyenv/versions/3.11.14/lib/python3.11/typing.py\", line 1317, in __getattr__\n    return getattr(self.__origin__, attr)\n           ^^^^^^^^^^^^^^^^^^^^^^^^^^^^^^\nAttributeError: type object 'OAuth2PasswordRequestForm' has no attribute 'username'"}
{"asctime": "2026-03-23T21:47:22", "msecs": 563.0, "levelname": "INFO", "correlation_id": "20fdd7f9", "name": "uvicorn.access", "lineno": 483, "message": "127.0.0.1:51186 - \"POST /token HTTP/1.1\" 500"}
{"asctime": "2026-03-23T21:47:22", "msecs": 565.0, "levelname": "ERROR", "correlation_id": "20fdd7f9", "name": "uvicorn.error", "lineno": 421, "message": "Exception in ASGI application\n", "exc_info": "Traceback (most recent call last):\n  File \"/Users/jumafe/Desktop/personal_things/REST_API/.venv/lib/python3.11/site-packages/uvicorn/protocols/http/httptools_impl.py\", line 416, in run_asgi\n    result = await app(  # type: ignore[func-returns-value]\n             ^^^^^^^^^^^^^^^^^^^^^^^^^^^^^^^^^^^^^^^^^^^^^^\n  File \"/Users/jumafe/Desktop/personal_things/REST_API/.venv/lib/python3.11/site-packages/uvicorn/middleware/proxy_headers.py\", line 60, in __call__\n    return await self.app(scope, receive, send)\n           ^^^^^^^^^^^^^^^^^^^^^^^^^^^^^^^^^^^^\n  File \"/Users/jumafe/Desktop/personal_things/REST_API/.venv/lib/python3.11/site-packages/fastapi/applications.py\", line 1160, in __call__\n    await super().__call__(scope, receive, send)\n  File \"/Users/jumafe/Desktop/personal_things/REST_API/.venv/lib/python3.11/site-packages/starlette/applications.py\", line 107, in __call__\n    await self.middleware_stack(scope, receive, send)\n  File \"/Users/jumafe/Desktop/personal_things/REST_API/.venv/lib/python3.11/site-packages/starlette/middleware/errors.py\", line 186, in __call__\n    raise exc\n  File \"/Users/jumafe/Desktop/personal_things/REST_API/.venv/lib/python3.11/site-packages/starlette/middleware/errors.py\", line 164, in __call__\n    await self.app(scope, receive, _send)\n  File \"/Users/jumafe/Desktop/personal_things/REST_API/.venv/lib/python3.11/site-packages/asgi_correlation_id/middleware.py\", line 90, in __call__\n    await self.app(scope, receive, handle_outgoing_request)\n  File \"/Users/jumafe/Desktop/personal_things/REST_API/.venv/lib/python3.11/site-packages/starlette/middleware/exceptions.py\", line 63, in __call__\n    await wrap_app_handling_exceptions(self.app, conn)(scope, receive, send)\n  File \"/Users/jumafe/Desktop/personal_things/REST_API/.venv/lib/python3.11/site-packages/starlette/_exception_handler.py\", line 53, in wrapped_app\n    raise exc\n  File \"/Users/jumafe/Desktop/personal_things/REST_API/.venv/lib/python3.11/site-packages/starlette/_exception_handler.py\", line 42, in wrapped_app\n    await app(scope, receive, sender)\n  File \"/Users/jumafe/Desktop/personal_things/REST_API/.venv/lib/python3.11/site-packages/fastapi/middleware/asyncexitstack.py\", line 18, in __call__\n    await self.app(scope, receive, send)\n  File \"/Users/jumafe/Desktop/personal_things/REST_API/.venv/lib/python3.11/site-packages/starlette/routing.py\", line 716, in __call__\n    await self.middleware_stack(scope, receive, send)\n  File \"/Users/jumafe/Desktop/personal_things/REST_API/.venv/lib/python3.11/site-packages/starlette/routing.py\", line 736, in app\n    await route.handle(scope, receive, send)\n  File \"/Users/jumafe/Desktop/personal_things/REST_API/.venv/lib/python3.11/site-packages/starlette/routing.py\", line 290, in handle\n    await self.app(scope, receive, send)\n  File \"/Users/jumafe/Desktop/personal_things/REST_API/.venv/lib/python3.11/site-packages/fastapi/routing.py\", line 119, in app\n    await wrap_app_handling_exceptions(app, request)(scope, receive, send)\n  File \"/Users/jumafe/Desktop/personal_things/REST_API/.venv/lib/python3.11/site-packages/starlette/_exception_handler.py\", line 53, in wrapped_app\n    raise exc\n  File \"/Users/jumafe/Desktop/personal_things/REST_API/.venv/lib/python3.11/site-packages/starlette/_exception_handler.py\", line 42, in wrapped_app\n    await app(scope, receive, sender)\n  File \"/Users/jumafe/Desktop/personal_things/REST_API/.venv/lib/python3.11/site-packages/fastapi/routing.py\", line 105, in app\n    response = await f(request)\n               ^^^^^^^^^^^^^^^^\n  File \"/Users/jumafe/Desktop/personal_things/REST_API/.venv/lib/python3.11/site-packages/fastapi/routing.py\", line 431, in app\n    raw_response = await run_endpoint_function(\n                   ^^^^^^^^^^^^^^^^^^^^^^^^^^^^\n  File \"/Users/jumafe/Desktop/personal_things/REST_API/.venv/lib/python3.11/site-packages/fastapi/routing.py\", line 313, in run_endpoint_function\n    return await dependant.call(**values)\n           ^^^^^^^^^^^^^^^^^^^^^^^^^^^^^^\n  File \"/Users/jumafe/Desktop/personal_things/REST_API/socialapi/routers/user.py\", line 42, in login\n    form_data.username, form_data.password\n    ^^^^^^^^^^^^^^^^^^\n  File \"/Users/jumafe/.pyenv/versions/3.11.14/lib/python3.11/typing.py\", line 2182, in __getattr__\n    return super().__getattr__(attr)\n           ^^^^^^^^^^^^^^^^^^^^^^^^^\n  File \"/Users/jumafe/.pyenv/versions/3.11.14/lib/python3.11/typing.py\", line 1317, in __getattr__\n    return getattr(self.__origin__, attr)\n           ^^^^^^^^^^^^^^^^^^^^^^^^^^^^^^\nAttributeError: type object 'OAuth2PasswordRequestForm' has no attribute 'username'"}
{"asctime": "2026-03-23T21:47:39", "msecs": 91.0, "levelname": "INFO", "correlation_id": "-", "name": "uvicorn.error", "lineno": 272, "message": "Shutting down"}
{"asctime": "2026-03-23T21:47:39", "msecs": 194.0, "levelname": "INFO", "correlation_id": "-", "name": "uvicorn.error", "lineno": 67, "message": "Waiting for application shutdown."}
{"asctime": "2026-03-23T21:47:39", "msecs": 195.0, "levelname": "INFO", "correlation_id": "-", "name": "uvicorn.error", "lineno": 76, "message": "Application shutdown complete."}
{"asctime": "2026-03-23T21:47:39", "msecs": 196.0, "levelname": "INFO", "correlation_id": "-", "name": "uvicorn.error", "lineno": 102, "message": "Finished server process [42519]", "color_message": "Finished server process [\u001b[36m%d\u001b[0m]"}
{"asctime": "2026-03-23T21:47:39", "msecs": 601.0, "levelname": "INFO", "correlation_id": "-", "name": "uvicorn.error", "lineno": 62, "message": "Application startup complete."}
{"asctime": "2026-03-23T21:47:44", "msecs": 555.0, "levelname": "INFO", "correlation_id": "-", "name": "uvicorn.error", "lineno": 272, "message": "Shutting down"}
{"asctime": "2026-03-23T21:47:44", "msecs": 660.0, "levelname": "INFO", "correlation_id": "-", "name": "uvicorn.error", "lineno": 67, "message": "Waiting for application shutdown."}
{"asctime": "2026-03-23T21:47:44", "msecs": 663.0, "levelname": "INFO", "correlation_id": "-", "name": "uvicorn.error", "lineno": 76, "message": "Application shutdown complete."}
{"asctime": "2026-03-23T21:47:44", "msecs": 664.0, "levelname": "INFO", "correlation_id": "-", "name": "uvicorn.error", "lineno": 102, "message": "Finished server process [45529]", "color_message": "Finished server process [\u001b[36m%d\u001b[0m]"}
{"asctime": "2026-03-23T21:47:44", "msecs": 995.0, "levelname": "INFO", "correlation_id": "-", "name": "uvicorn.error", "lineno": 62, "message": "Application startup complete."}
{"asctime": "2026-03-23T21:48:01", "msecs": 92.0, "levelname": "DEBUG", "correlation_id": "54d83634", "name": "socialapi.security", "lineno": 66, "message": "Authenticating user", "email": "ju****@test.com"}
{"asctime": "2026-03-23T21:48:01", "msecs": 95.0, "levelname": "DEBUG", "correlation_id": "54d83634", "name": "socialapi.security", "lineno": 55, "message": "Fetching user from the database", "email": "ju****@test.com"}
{"asctime": "2026-03-23T21:48:01", "msecs": 286.0, "levelname": "DEBUG", "correlation_id": "54d83634", "name": "socialapi.security", "lineno": 32, "message": "Creating access token", "email": "ju****@test.com"}
{"asctime": "2026-03-23T21:48:01", "msecs": 288.0, "levelname": "INFO", "correlation_id": "54d83634", "name": "uvicorn.access", "lineno": 483, "message": "127.0.0.1:51209 - \"POST /token HTTP/1.1\" 200"}
{"asctime": "2026-03-23T21:53:36", "msecs": 186.0, "levelname": "INFO", "correlation_id": "-", "name": "uvicorn.error", "lineno": 272, "message": "Shutting down"}
{"asctime": "2026-03-23T21:53:36", "msecs": 290.0, "levelname": "INFO", "correlation_id": "-", "name": "uvicorn.error", "lineno": 67, "message": "Waiting for application shutdown."}
{"asctime": "2026-03-23T21:53:36", "msecs": 292.0, "levelname": "INFO", "correlation_id": "-", "name": "uvicorn.error", "lineno": 76, "message": "Application shutdown complete."}
{"asctime": "2026-03-23T21:53:36", "msecs": 293.0, "levelname": "INFO", "correlation_id": "-", "name": "uvicorn.error", "lineno": 102, "message": "Finished server process [46274]", "color_message": "Finished server process [\u001b[36m%d\u001b[0m]"}
